c:\users\aderoide\documents\github\encapsulation\encapsulation\project1\x64\debug\vc143.pdb
c:\users\aderoide\documents\github\encapsulation\encapsulation\project1\x64\debug\vc143.idb
c:\users\aderoide\documents\github\encapsulation\encapsulation\project1\x64\debug\main.obj
c:\users\aderoide\documents\github\encapsulation\encapsulation\project1\x64\debug\vector2.obj
c:\users\aderoide\documents\github\encapsulation\encapsulation\project1\x64\debug\integer.obj
c:\users\aderoide\documents\github\encapsulation\encapsulation\project1\x64\debug\def.obj
c:\users\aderoide\documents\github\encapsulation\encapsulation\project1\x64\debug\project1.ilk
c:\users\aderoide\documents\github\encapsulation\encapsulation\x64\debug\project1.pdb
c:\users\aderoide\documents\github\encapsulation\encapsulation\project1\x64\debug\project1.tlog\cl.command.1.tlog
c:\users\aderoide\documents\github\encapsulation\encapsulation\project1\x64\debug\project1.tlog\cl.items.tlog
c:\users\aderoide\documents\github\encapsulation\encapsulation\project1\x64\debug\project1.tlog\cl.read.1.tlog
c:\users\aderoide\documents\github\encapsulation\encapsulation\project1\x64\debug\project1.tlog\cl.write.1.tlog
c:\users\aderoide\documents\github\encapsulation\encapsulation\project1\x64\debug\project1.tlog\link-cvtres.read.1.tlog
c:\users\aderoide\documents\github\encapsulation\encapsulation\project1\x64\debug\project1.tlog\link-cvtres.write.1.tlog
c:\users\aderoide\documents\github\encapsulation\encapsulation\project1\x64\debug\project1.tlog\link-rc.read.1.tlog
c:\users\aderoide\documents\github\encapsulation\encapsulation\project1\x64\debug\project1.tlog\link-rc.write.1.tlog
c:\users\aderoide\documents\github\encapsulation\encapsulation\project1\x64\debug\project1.tlog\link.6052-cvtres.read.1.tlog
c:\users\aderoide\documents\github\encapsulation\encapsulation\project1\x64\debug\project1.tlog\link.6052-cvtres.write.1.tlog
c:\users\aderoide\documents\github\encapsulation\encapsulation\project1\x64\debug\project1.tlog\link.6052-rc.read.1.tlog
c:\users\aderoide\documents\github\encapsulation\encapsulation\project1\x64\debug\project1.tlog\link.6052-rc.write.1.tlog
c:\users\aderoide\documents\github\encapsulation\encapsulation\project1\x64\debug\project1.tlog\link.6052.read.1.tlog
c:\users\aderoide\documents\github\encapsulation\encapsulation\project1\x64\debug\project1.tlog\link.6052.read.2.tlog
c:\users\aderoide\documents\github\encapsulation\encapsulation\project1\x64\debug\project1.tlog\link.6052.read.3.tlog
c:\users\aderoide\documents\github\encapsulation\encapsulation\project1\x64\debug\project1.tlog\link.6052.read.4.tlog
c:\users\aderoide\documents\github\encapsulation\encapsulation\project1\x64\debug\project1.tlog\link.6052.write.1.tlog
c:\users\aderoide\documents\github\encapsulation\encapsulation\project1\x64\debug\project1.tlog\link.command.1.tlog
c:\users\aderoide\documents\github\encapsulation\encapsulation\project1\x64\debug\project1.tlog\link.read.1.tlog
c:\users\aderoide\documents\github\encapsulation\encapsulation\project1\x64\debug\project1.tlog\link.read.2.tlog
c:\users\aderoide\documents\github\encapsulation\encapsulation\project1\x64\debug\project1.tlog\link.read.3.tlog
c:\users\aderoide\documents\github\encapsulation\encapsulation\project1\x64\debug\project1.tlog\link.read.4.tlog
c:\users\aderoide\documents\github\encapsulation\encapsulation\project1\x64\debug\project1.tlog\link.secondary.1.tlog
c:\users\aderoide\documents\github\encapsulation\encapsulation\project1\x64\debug\project1.tlog\link.write.1.tlog
